<?xml version="1.0" encoding="UTF-8"?>
<!-- Generated by org.testng.reporters.JUnitReportReporter -->
<testsuite hostname="ziccardi" name="it.jnrpe.server.ConfigTest" tests="2" failures="0" timestamp="14 Mar 2014 16:44:02 GMT" time="0.125" errors="0">
  <testcase name="testXmlCommandWithCommaInParams" time="0.017" classname="it.jnrpe.server.ConfigTest"/>
  <testcase name="testIniCommandWithCommaInParams" time="0.108" classname="it.jnrpe.server.ConfigTest"/>
</testsuite> <!-- it.jnrpe.server.ConfigTest -->
