<?xml version="1.0" encoding="UTF-8"?>
<!-- Generated by org.testng.reporters.JUnitReportReporter -->
<testsuite hostname="ziccardi" name="it.jnrpe.plugins.test.it.CheckBySshIT" tests="1" failures="0" timestamp="14 Apr 2014 10:14:37 GMT" time="1.442" errors="0">
  <testcase name="checkBySSH" time="1.442" classname="it.jnrpe.plugins.test.it.CheckBySshIT"/>
</testsuite> <!-- it.jnrpe.plugins.test.it.CheckBySshIT -->
