<?xml version="1.0" encoding="UTF-8"?>
<!-- Generated by org.testng.reporters.JUnitReportReporter -->
<testsuite hostname="ziccardi" name="it.jnrpe.plugins.test.CheckProcsTest" tests="1" failures="0" timestamp="13 May 2014 10:21:26 GMT" time="0.016" errors="0">
  <testcase name="convertToSecondsTest" time="0.016" classname="it.jnrpe.plugins.test.CheckProcsTest"/>
</testsuite> <!-- it.jnrpe.plugins.test.CheckProcsTest -->
