<?xml version="1.0" encoding="UTF-8"?>
<testsuite name="it.jnrpe.osgi.it.JnrpeOsgiCoreInstallationIT" time="6.201" tests="5" errors="0" skipped="0" failures="0">
  <properties>
    <property name="java.runtime.name" value="Java(TM) SE Runtime Environment"/>
    <property name="sun.boot.library.path" value="/opt/tools/java/sun/jdk1.6.0_38/jre/lib/amd64"/>
    <property name="java.vm.version" value="20.13-b02"/>
    <property name="java.vm.vendor" value="Sun Microsystems Inc."/>
    <property name="java.vendor.url" value="http://java.sun.com/"/>
    <property name="path.separator" value=":"/>
    <property name="guice.disable.misplaced.annotation.check" value="true"/>
    <property name="java.vm.name" value="Java HotSpot(TM) 64-Bit Server VM"/>
    <property name="file.encoding.pkg" value="sun.io"/>
    <property name="user.country" value="US"/>
    <property name="sun.java.launcher" value="SUN_STANDARD"/>
    <property name="sun.os.patch.level" value="unknown"/>
    <property name="java.vm.specification.name" value="Java Virtual Machine Specification"/>
    <property name="user.dir" value="/home/ziccardi/git/jnrpe2/jnrpe-parent"/>
    <property name="java.runtime.version" value="1.6.0_38-b05"/>
    <property name="java.awt.graphicsenv" value="sun.awt.X11GraphicsEnvironment"/>
    <property name="java.endorsed.dirs" value="/opt/tools/java/sun/jdk1.6.0_38/jre/lib/endorsed"/>
    <property name="os.arch" value="amd64"/>
    <property name="java.io.tmpdir" value="/tmp"/>
    <property name="line.separator" value="&#10;"/>
    <property name="java.vm.specification.vendor" value="Sun Microsystems Inc."/>
    <property name="os.name" value="Linux"/>
    <property name="classworlds.conf" value="/opt/tools/java/apache-maven-3.0.4/bin/m2.conf"/>
    <property name="sun.jnu.encoding" value="UTF-8"/>
    <property name="java.library.path" value="/opt/tools/java/sun/jdk1.6.0_38/jre/lib/amd64/server:/opt/tools/java/sun/jdk1.6.0_38/jre/lib/amd64:/opt/tools/java/sun/jdk1.6.0_38/jre/../lib/amd64:/usr/java/packages/lib/amd64:/usr/lib64:/lib64:/lib:/usr/lib"/>
    <property name="java.specification.name" value="Java Platform API Specification"/>
    <property name="java.class.version" value="50.0"/>
    <property name="sun.management.compiler" value="HotSpot 64-Bit Tiered Compilers"/>
    <property name="maven.repo.local" value="/home/ziccardi/.m2/repository"/>
    <property name="os.version" value="3.13.0-29-generic"/>
    <property name="user.home" value="/home/ziccardi"/>
    <property name="user.timezone" value="Europe/Rome"/>
    <property name="java.awt.printerjob" value="sun.print.PSPrinterJob"/>
    <property name="file.encoding" value="UTF-8"/>
    <property name="java.specification.version" value="1.6"/>
    <property name="user.name" value="ziccardi"/>
    <property name="java.class.path" value="/opt/tools/java/apache-maven-3.0.4/boot/plexus-classworlds-2.4.jar"/>
    <property name="java.vm.specification.version" value="1.0"/>
    <property name="sun.arch.data.model" value="64"/>
    <property name="java.home" value="/opt/tools/java/sun/jdk1.6.0_38/jre"/>
    <property name="sun.java.command" value="org.codehaus.plexus.classworlds.launcher.Launcher -D maven.repo.local=/home/ziccardi/.m2/repository -s /tmp/release-settings3352066417725014261.xml clean verify"/>
    <property name="java.specification.vendor" value="Sun Microsystems Inc."/>
    <property name="user.language" value="en"/>
    <property name="java.vm.info" value="mixed mode"/>
    <property name="java.version" value="1.6.0_38"/>
    <property name="java.ext.dirs" value="/opt/tools/java/sun/jdk1.6.0_38/jre/lib/ext:/usr/java/packages/lib/ext"/>
    <property name="securerandom.source" value="file:/dev/./urandom"/>
    <property name="sun.boot.class.path" value="/opt/tools/java/sun/jdk1.6.0_38/jre/lib/resources.jar:/opt/tools/java/sun/jdk1.6.0_38/jre/lib/rt.jar:/opt/tools/java/sun/jdk1.6.0_38/jre/lib/sunrsasign.jar:/opt/tools/java/sun/jdk1.6.0_38/jre/lib/jsse.jar:/opt/tools/java/sun/jdk1.6.0_38/jre/lib/jce.jar:/opt/tools/java/sun/jdk1.6.0_38/jre/lib/charsets.jar:/opt/tools/java/sun/jdk1.6.0_38/jre/lib/modules/jdk.boot.jar:/opt/tools/java/sun/jdk1.6.0_38/jre/classes"/>
    <property name="java.vendor" value="Sun Microsystems Inc."/>
    <property name="maven.home" value="/opt/tools/java/apache-maven-3.0.4"/>
    <property name="file.separator" value="/"/>
    <property name="java.vendor.url.bug" value="http://java.sun.com/cgi-bin/bugreport.cgi"/>
    <property name="sun.cpu.endian" value="little"/>
    <property name="sun.io.unicode.encoding" value="UnicodeLittle"/>
    <property name="sun.cpu.isalist" value=""/>
  </properties>
  <testcase name="checkReloadConfiguration" classname="it.jnrpe.osgi.it.JnrpeOsgiCoreInstallationIT" time="6.101"/>
  <testcase name="checkJnrpePluginsOsgiBundle" classname="it.jnrpe.osgi.it.JnrpeOsgiCoreInstallationIT" time="0.013"/>
  <testcase name="checkPluginsLoaded" classname="it.jnrpe.osgi.it.JnrpeOsgiCoreInstallationIT" time="0.064"/>
  <testcase name="checkInject" classname="it.jnrpe.osgi.it.JnrpeOsgiCoreInstallationIT" time="0.011"/>
  <testcase name="checkJnrpeOsgiCoreBundle" classname="it.jnrpe.osgi.it.JnrpeOsgiCoreInstallationIT" time="0.012"/>
</testsuite>