<?xml version="1.0" encoding="UTF-8"?>
<!-- Generated by org.testng.reporters.JUnitReportReporter -->
<testsuite hostname="ziccardi" name="it.jnrpe.commands.CommandInvokerTest" tests="2" failures="0" timestamp="16 May 2014 09:28:08 GMT" time="0.039" errors="0">
  <testcase name="testDoNotAcceptParams" time="0.001" classname="it.jnrpe.commands.CommandInvokerTest"/>
  <testcase name="testAcceptParams" time="0.038" classname="it.jnrpe.commands.CommandInvokerTest"/>
</testsuite> <!-- it.jnrpe.commands.CommandInvokerTest -->
